<?xml version="1.0" encoding="UTF-8"?><testsuite errors="0" failures="0" name="com.bestbuy.testsuite.StoreCRUDTest" skipped="0" tests="4" time="8.11" timestamp="2023-06-06T23:19:20.913+01:00[Europe/London]"><testcase classname="com.bestbuy.testsuite.StoreCRUDTest" name="This will create new store"/><testcase classname="com.bestbuy.testsuite.StoreCRUDTest" name="Verify if the store has been added to application"/><testcase classname="com.bestbuy.testsuite.StoreCRUDTest" name="This will update store information"/><testcase classname="com.bestbuy.testsuite.StoreCRUDTest" name="This will delete Store"/></testsuite>